<?xml version="1.0" encoding="UTF-8"?>
<testsuite xmlns:xsi="http://www.w3.org/2001/XMLSchema-instance" xsi:noNamespaceSchemaLocation="https://maven.apache.org/surefire/maven-surefire-plugin/xsd/surefire-test-report.xsd" version="3.0.2" name="com.sean.assignment.AssignmentApplicationTests" time="3.316" tests="1" errors="0" skipped="0" failures="0">
  <properties>
    <property name="java.specification.version" value="21"/>
    <property name="sun.cpu.isalist" value="amd64"/>
    <property name="sun.jnu.encoding" value="GBK"/>
    <property name="java.class.path" value="C:\Users\86178\IdeaProjects\webProject\assignment\target\test-classes;C:\Users\86178\IdeaProjects\webProject\assignment\target\classes;C:\Users\86178\web\apache-maven-3.9.9\repo\org\springframework\boot\spring-boot-starter-web\3.4.0\spring-boot-starter-web-3.4.0.jar;C:\Users\86178\web\apache-maven-3.9.9\repo\org\springframework\boot\spring-boot-starter\3.4.0\spring-boot-starter-3.4.0.jar;C:\Users\86178\web\apache-maven-3.9.9\repo\org\springframework\boot\spring-boot\3.4.0\spring-boot-3.4.0.jar;C:\Users\86178\web\apache-maven-3.9.9\repo\org\springframework\boot\spring-boot-autoconfigure\3.4.0\spring-boot-autoconfigure-3.4.0.jar;C:\Users\86178\web\apache-maven-3.9.9\repo\org\springframework\boot\spring-boot-starter-logging\3.4.0\spring-boot-starter-logging-3.4.0.jar;C:\Users\86178\web\apache-maven-3.9.9\repo\ch\qos\logback\logback-classic\1.5.12\logback-classic-1.5.12.jar;C:\Users\86178\web\apache-maven-3.9.9\repo\ch\qos\logback\logback-core\1.5.12\logback-core-1.5.12.jar;C:\Users\86178\web\apache-maven-3.9.9\repo\org\apache\logging\log4j\log4j-to-slf4j\2.24.1\log4j-to-slf4j-2.24.1.jar;C:\Users\86178\web\apache-maven-3.9.9\repo\org\apache\logging\log4j\log4j-api\2.24.1\log4j-api-2.24.1.jar;C:\Users\86178\web\apache-maven-3.9.9\repo\org\slf4j\jul-to-slf4j\2.0.16\jul-to-slf4j-2.0.16.jar;C:\Users\86178\web\apache-maven-3.9.9\repo\jakarta\annotation\jakarta.annotation-api\2.1.1\jakarta.annotation-api-2.1.1.jar;C:\Users\86178\web\apache-maven-3.9.9\repo\org\yaml\snakeyaml\2.3\snakeyaml-2.3.jar;C:\Users\86178\web\apache-maven-3.9.9\repo\org\springframework\boot\spring-boot-starter-json\3.4.0\spring-boot-starter-json-3.4.0.jar;C:\Users\86178\web\apache-maven-3.9.9\repo\com\fasterxml\jackson\core\jackson-databind\2.18.1\jackson-databind-2.18.1.jar;C:\Users\86178\web\apache-maven-3.9.9\repo\com\fasterxml\jackson\core\jackson-annotations\2.18.1\jackson-annotations-2.18.1.jar;C:\Users\86178\web\apache-maven-3.9.9\repo\com\fasterxml\jackson\core\jackson-core\2.18.1\jackson-core-2.18.1.jar;C:\Users\86178\web\apache-maven-3.9.9\repo\com\fasterxml\jackson\datatype\jackson-datatype-jdk8\2.18.1\jackson-datatype-jdk8-2.18.1.jar;C:\Users\86178\web\apache-maven-3.9.9\repo\com\fasterxml\jackson\datatype\jackson-datatype-jsr310\2.18.1\jackson-datatype-jsr310-2.18.1.jar;C:\Users\86178\web\apache-maven-3.9.9\repo\com\fasterxml\jackson\module\jackson-module-parameter-names\2.18.1\jackson-module-parameter-names-2.18.1.jar;C:\Users\86178\web\apache-maven-3.9.9\repo\org\springframework\boot\spring-boot-starter-tomcat\3.4.0\spring-boot-starter-tomcat-3.4.0.jar;C:\Users\86178\web\apache-maven-3.9.9\repo\org\apache\tomcat\embed\tomcat-embed-core\10.1.33\tomcat-embed-core-10.1.33.jar;C:\Users\86178\web\apache-maven-3.9.9\repo\org\apache\tomcat\embed\tomcat-embed-el\10.1.33\tomcat-embed-el-10.1.33.jar;C:\Users\86178\web\apache-maven-3.9.9\repo\org\apache\tomcat\embed\tomcat-embed-websocket\10.1.33\tomcat-embed-websocket-10.1.33.jar;C:\Users\86178\web\apache-maven-3.9.9\repo\org\springframework\spring-web\6.2.0\spring-web-6.2.0.jar;C:\Users\86178\web\apache-maven-3.9.9\repo\org\springframework\spring-beans\6.2.0\spring-beans-6.2.0.jar;C:\Users\86178\web\apache-maven-3.9.9\repo\io\micrometer\micrometer-observation\1.14.1\micrometer-observation-1.14.1.jar;C:\Users\86178\web\apache-maven-3.9.9\repo\io\micrometer\micrometer-commons\1.14.1\micrometer-commons-1.14.1.jar;C:\Users\86178\web\apache-maven-3.9.9\repo\org\springframework\spring-webmvc\6.2.0\spring-webmvc-6.2.0.jar;C:\Users\86178\web\apache-maven-3.9.9\repo\org\springframework\spring-aop\6.2.0\spring-aop-6.2.0.jar;C:\Users\86178\web\apache-maven-3.9.9\repo\org\springframework\spring-context\6.2.0\spring-context-6.2.0.jar;C:\Users\86178\web\apache-maven-3.9.9\repo\org\springframework\spring-expression\6.2.0\spring-expression-6.2.0.jar;C:\Users\86178\web\apache-maven-3.9.9\repo\org\projectlombok\lombok\1.18.36\lombok-1.18.36.jar;C:\Users\86178\web\apache-maven-3.9.9\repo\org\mybatis\spring\boot\mybatis-spring-boot-starter\3.0.4\mybatis-spring-boot-starter-3.0.4.jar;C:\Users\86178\web\apache-maven-3.9.9\repo\org\springframework\boot\spring-boot-starter-jdbc\3.4.0\spring-boot-starter-jdbc-3.4.0.jar;C:\Users\86178\web\apache-maven-3.9.9\repo\com\zaxxer\HikariCP\5.1.0\HikariCP-5.1.0.jar;C:\Users\86178\web\apache-maven-3.9.9\repo\org\springframework\spring-jdbc\6.2.0\spring-jdbc-6.2.0.jar;C:\Users\86178\web\apache-maven-3.9.9\repo\org\mybatis\spring\boot\mybatis-spring-boot-autoconfigure\3.0.4\mybatis-spring-boot-autoconfigure-3.0.4.jar;C:\Users\86178\web\apache-maven-3.9.9\repo\org\mybatis\mybatis\3.5.17\mybatis-3.5.17.jar;C:\Users\86178\web\apache-maven-3.9.9\repo\org\mybatis\mybatis-spring\3.0.4\mybatis-spring-3.0.4.jar;C:\Users\86178\web\apache-maven-3.9.9\repo\com\mysql\mysql-connector-j\9.1.0\mysql-connector-j-9.1.0.jar;C:\Users\86178\web\apache-maven-3.9.9\repo\org\springframework\boot\spring-boot-starter-test\3.4.0\spring-boot-starter-test-3.4.0.jar;C:\Users\86178\web\apache-maven-3.9.9\repo\org\springframework\boot\spring-boot-test\3.4.0\spring-boot-test-3.4.0.jar;C:\Users\86178\web\apache-maven-3.9.9\repo\org\springframework\boot\spring-boot-test-autoconfigure\3.4.0\spring-boot-test-autoconfigure-3.4.0.jar;C:\Users\86178\web\apache-maven-3.9.9\repo\com\jayway\jsonpath\json-path\2.9.0\json-path-2.9.0.jar;C:\Users\86178\web\apache-maven-3.9.9\repo\org\slf4j\slf4j-api\2.0.16\slf4j-api-2.0.16.jar;C:\Users\86178\web\apache-maven-3.9.9\repo\jakarta\xml\bind\jakarta.xml.bind-api\4.0.2\jakarta.xml.bind-api-4.0.2.jar;C:\Users\86178\web\apache-maven-3.9.9\repo\jakarta\activation\jakarta.activation-api\2.1.3\jakarta.activation-api-2.1.3.jar;C:\Users\86178\web\apache-maven-3.9.9\repo\net\minidev\json-smart\2.5.1\json-smart-2.5.1.jar;C:\Users\86178\web\apache-maven-3.9.9\repo\net\minidev\accessors-smart\2.5.1\accessors-smart-2.5.1.jar;C:\Users\86178\web\apache-maven-3.9.9\repo\org\ow2\asm\asm\9.6\asm-9.6.jar;C:\Users\86178\web\apache-maven-3.9.9\repo\org\assertj\assertj-core\3.26.3\assertj-core-3.26.3.jar;C:\Users\86178\web\apache-maven-3.9.9\repo\net\bytebuddy\byte-buddy\1.15.10\byte-buddy-1.15.10.jar;C:\Users\86178\web\apache-maven-3.9.9\repo\org\awaitility\awaitility\4.2.2\awaitility-4.2.2.jar;C:\Users\86178\web\apache-maven-3.9.9\repo\org\hamcrest\hamcrest\2.2\hamcrest-2.2.jar;C:\Users\86178\web\apache-maven-3.9.9\repo\org\junit\jupiter\junit-jupiter\5.11.3\junit-jupiter-5.11.3.jar;C:\Users\86178\web\apache-maven-3.9.9\repo\org\junit\jupiter\junit-jupiter-api\5.11.3\junit-jupiter-api-5.11.3.jar;C:\Users\86178\web\apache-maven-3.9.9\repo\org\opentest4j\opentest4j\1.3.0\opentest4j-1.3.0.jar;C:\Users\86178\web\apache-maven-3.9.9\repo\org\junit\platform\junit-platform-commons\1.11.3\junit-platform-commons-1.11.3.jar;C:\Users\86178\web\apache-maven-3.9.9\repo\org\apiguardian\apiguardian-api\1.1.2\apiguardian-api-1.1.2.jar;C:\Users\86178\web\apache-maven-3.9.9\repo\org\junit\jupiter\junit-jupiter-params\5.11.3\junit-jupiter-params-5.11.3.jar;C:\Users\86178\web\apache-maven-3.9.9\repo\org\junit\jupiter\junit-jupiter-engine\5.11.3\junit-jupiter-engine-5.11.3.jar;C:\Users\86178\web\apache-maven-3.9.9\repo\org\junit\platform\junit-platform-engine\1.11.3\junit-platform-engine-1.11.3.jar;C:\Users\86178\web\apache-maven-3.9.9\repo\org\mockito\mockito-core\5.14.2\mockito-core-5.14.2.jar;C:\Users\86178\web\apache-maven-3.9.9\repo\net\bytebuddy\byte-buddy-agent\1.15.10\byte-buddy-agent-1.15.10.jar;C:\Users\86178\web\apache-maven-3.9.9\repo\org\objenesis\objenesis\3.3\objenesis-3.3.jar;C:\Users\86178\web\apache-maven-3.9.9\repo\org\mockito\mockito-junit-jupiter\5.14.2\mockito-junit-jupiter-5.14.2.jar;C:\Users\86178\web\apache-maven-3.9.9\repo\org\skyscreamer\jsonassert\1.5.3\jsonassert-1.5.3.jar;C:\Users\86178\web\apache-maven-3.9.9\repo\com\vaadin\external\google\android-json\0.0.20131108.vaadin1\android-json-0.0.20131108.vaadin1.jar;C:\Users\86178\web\apache-maven-3.9.9\repo\org\springframework\spring-core\6.2.0\spring-core-6.2.0.jar;C:\Users\86178\web\apache-maven-3.9.9\repo\org\springframework\spring-jcl\6.2.0\spring-jcl-6.2.0.jar;C:\Users\86178\web\apache-maven-3.9.9\repo\org\springframework\spring-test\6.2.0\spring-test-6.2.0.jar;C:\Users\86178\web\apache-maven-3.9.9\repo\org\xmlunit\xmlunit-core\2.10.0\xmlunit-core-2.10.0.jar;C:\Users\86178\web\apache-maven-3.9.9\repo\org\mybatis\spring\boot\mybatis-spring-boot-starter-test\3.0.4\mybatis-spring-boot-starter-test-3.0.4.jar;C:\Users\86178\web\apache-maven-3.9.9\repo\org\mybatis\spring\boot\mybatis-spring-boot-test-autoconfigure\3.0.4\mybatis-spring-boot-test-autoconfigure-3.0.4.jar;C:\Users\86178\web\apache-maven-3.9.9\repo\org\springframework\spring-tx\6.2.0\spring-tx-6.2.0.jar;C:\Users\86178\web\apache-maven-3.9.9\repo\com\github\pagehelper\pagehelper-spring-boot-starter\1.4.6\pagehelper-spring-boot-starter-1.4.6.jar;C:\Users\86178\web\apache-maven-3.9.9\repo\com\github\pagehelper\pagehelper-spring-boot-autoconfigure\1.4.6\pagehelper-spring-boot-autoconfigure-1.4.6.jar;C:\Users\86178\web\apache-maven-3.9.9\repo\com\github\pagehelper\pagehelper\5.3.2\pagehelper-5.3.2.jar;C:\Users\86178\web\apache-maven-3.9.9\repo\com\github\jsqlparser\jsqlparser\4.5\jsqlparser-4.5.jar;C:\Users\86178\web\apache-maven-3.9.9\repo\io\jsonwebtoken\jjwt\0.12.6\jjwt-0.12.6.jar;C:\Users\86178\web\apache-maven-3.9.9\repo\io\jsonwebtoken\jjwt-api\0.12.6\jjwt-api-0.12.6.jar;C:\Users\86178\web\apache-maven-3.9.9\repo\io\jsonwebtoken\jjwt-impl\0.12.6\jjwt-impl-0.12.6.jar;C:\Users\86178\web\apache-maven-3.9.9\repo\io\jsonwebtoken\jjwt-jackson\0.12.6\jjwt-jackson-0.12.6.jar;C:\Users\86178\web\apache-maven-3.9.9\repo\org\springframework\boot\spring-boot-configuration-processor\3.4.0\spring-boot-configuration-processor-3.4.0.jar;C:\Users\86178\web\apache-maven-3.9.9\repo\com\alibaba\fastjson\2.0.53\fastjson-2.0.53.jar;C:\Users\86178\web\apache-maven-3.9.9\repo\com\alibaba\fastjson2\fastjson2-extension\2.0.53\fastjson2-extension-2.0.53.jar;C:\Users\86178\web\apache-maven-3.9.9\repo\com\alibaba\fastjson2\fastjson2\2.0.53\fastjson2-2.0.53.jar;"/>
    <property name="java.vm.vendor" value="Oracle Corporation"/>
    <property name="sun.arch.data.model" value="64"/>
    <property name="user.variant" value=""/>
    <property name="java.vendor.url" value="https://java.oracle.com/"/>
    <property name="user.timezone" value="Asia/Hong_Kong"/>
    <property name="os.name" value="Windows 11"/>
    <property name="java.vm.specification.version" value="21"/>
    <property name="APPLICATION_NAME" value="assignment"/>
    <property name="sun.java.launcher" value="SUN_STANDARD"/>
    <property name="user.country" value="CN"/>
    <property name="sun.boot.library.path" value="C:\Program Files\Java\jdk-21\bin"/>
    <property name="sun.java.command" value="C:\Users\86178\AppData\Local\Temp\surefire12167145192853010130\surefirebooter-20241230212528305_3.jar C:\Users\86178\AppData\Local\Temp\surefire12167145192853010130 2024-12-30T21-25-02_077-jvmRun1 surefire-20241230212528305_1tmp surefire_0-20241230212528305_2tmp"/>
    <property name="jdk.debug" value="release"/>
    <property name="surefire.test.class.path" value="C:\Users\86178\IdeaProjects\webProject\assignment\target\test-classes;C:\Users\86178\IdeaProjects\webProject\assignment\target\classes;C:\Users\86178\web\apache-maven-3.9.9\repo\org\springframework\boot\spring-boot-starter-web\3.4.0\spring-boot-starter-web-3.4.0.jar;C:\Users\86178\web\apache-maven-3.9.9\repo\org\springframework\boot\spring-boot-starter\3.4.0\spring-boot-starter-3.4.0.jar;C:\Users\86178\web\apache-maven-3.9.9\repo\org\springframework\boot\spring-boot\3.4.0\spring-boot-3.4.0.jar;C:\Users\86178\web\apache-maven-3.9.9\repo\org\springframework\boot\spring-boot-autoconfigure\3.4.0\spring-boot-autoconfigure-3.4.0.jar;C:\Users\86178\web\apache-maven-3.9.9\repo\org\springframework\boot\spring-boot-starter-logging\3.4.0\spring-boot-starter-logging-3.4.0.jar;C:\Users\86178\web\apache-maven-3.9.9\repo\ch\qos\logback\logback-classic\1.5.12\logback-classic-1.5.12.jar;C:\Users\86178\web\apache-maven-3.9.9\repo\ch\qos\logback\logback-core\1.5.12\logback-core-1.5.12.jar;C:\Users\86178\web\apache-maven-3.9.9\repo\org\apache\logging\log4j\log4j-to-slf4j\2.24.1\log4j-to-slf4j-2.24.1.jar;C:\Users\86178\web\apache-maven-3.9.9\repo\org\apache\logging\log4j\log4j-api\2.24.1\log4j-api-2.24.1.jar;C:\Users\86178\web\apache-maven-3.9.9\repo\org\slf4j\jul-to-slf4j\2.0.16\jul-to-slf4j-2.0.16.jar;C:\Users\86178\web\apache-maven-3.9.9\repo\jakarta\annotation\jakarta.annotation-api\2.1.1\jakarta.annotation-api-2.1.1.jar;C:\Users\86178\web\apache-maven-3.9.9\repo\org\yaml\snakeyaml\2.3\snakeyaml-2.3.jar;C:\Users\86178\web\apache-maven-3.9.9\repo\org\springframework\boot\spring-boot-starter-json\3.4.0\spring-boot-starter-json-3.4.0.jar;C:\Users\86178\web\apache-maven-3.9.9\repo\com\fasterxml\jackson\core\jackson-databind\2.18.1\jackson-databind-2.18.1.jar;C:\Users\86178\web\apache-maven-3.9.9\repo\com\fasterxml\jackson\core\jackson-annotations\2.18.1\jackson-annotations-2.18.1.jar;C:\Users\86178\web\apache-maven-3.9.9\repo\com\fasterxml\jackson\core\jackson-core\2.18.1\jackson-core-2.18.1.jar;C:\Users\86178\web\apache-maven-3.9.9\repo\com\fasterxml\jackson\datatype\jackson-datatype-jdk8\2.18.1\jackson-datatype-jdk8-2.18.1.jar;C:\Users\86178\web\apache-maven-3.9.9\repo\com\fasterxml\jackson\datatype\jackson-datatype-jsr310\2.18.1\jackson-datatype-jsr310-2.18.1.jar;C:\Users\86178\web\apache-maven-3.9.9\repo\com\fasterxml\jackson\module\jackson-module-parameter-names\2.18.1\jackson-module-parameter-names-2.18.1.jar;C:\Users\86178\web\apache-maven-3.9.9\repo\org\springframework\boot\spring-boot-starter-tomcat\3.4.0\spring-boot-starter-tomcat-3.4.0.jar;C:\Users\86178\web\apache-maven-3.9.9\repo\org\apache\tomcat\embed\tomcat-embed-core\10.1.33\tomcat-embed-core-10.1.33.jar;C:\Users\86178\web\apache-maven-3.9.9\repo\org\apache\tomcat\embed\tomcat-embed-el\10.1.33\tomcat-embed-el-10.1.33.jar;C:\Users\86178\web\apache-maven-3.9.9\repo\org\apache\tomcat\embed\tomcat-embed-websocket\10.1.33\tomcat-embed-websocket-10.1.33.jar;C:\Users\86178\web\apache-maven-3.9.9\repo\org\springframework\spring-web\6.2.0\spring-web-6.2.0.jar;C:\Users\86178\web\apache-maven-3.9.9\repo\org\springframework\spring-beans\6.2.0\spring-beans-6.2.0.jar;C:\Users\86178\web\apache-maven-3.9.9\repo\io\micrometer\micrometer-observation\1.14.1\micrometer-observation-1.14.1.jar;C:\Users\86178\web\apache-maven-3.9.9\repo\io\micrometer\micrometer-commons\1.14.1\micrometer-commons-1.14.1.jar;C:\Users\86178\web\apache-maven-3.9.9\repo\org\springframework\spring-webmvc\6.2.0\spring-webmvc-6.2.0.jar;C:\Users\86178\web\apache-maven-3.9.9\repo\org\springframework\spring-aop\6.2.0\spring-aop-6.2.0.jar;C:\Users\86178\web\apache-maven-3.9.9\repo\org\springframework\spring-context\6.2.0\spring-context-6.2.0.jar;C:\Users\86178\web\apache-maven-3.9.9\repo\org\springframework\spring-expression\6.2.0\spring-expression-6.2.0.jar;C:\Users\86178\web\apache-maven-3.9.9\repo\org\projectlombok\lombok\1.18.36\lombok-1.18.36.jar;C:\Users\86178\web\apache-maven-3.9.9\repo\org\mybatis\spring\boot\mybatis-spring-boot-starter\3.0.4\mybatis-spring-boot-starter-3.0.4.jar;C:\Users\86178\web\apache-maven-3.9.9\repo\org\springframework\boot\spring-boot-starter-jdbc\3.4.0\spring-boot-starter-jdbc-3.4.0.jar;C:\Users\86178\web\apache-maven-3.9.9\repo\com\zaxxer\HikariCP\5.1.0\HikariCP-5.1.0.jar;C:\Users\86178\web\apache-maven-3.9.9\repo\org\springframework\spring-jdbc\6.2.0\spring-jdbc-6.2.0.jar;C:\Users\86178\web\apache-maven-3.9.9\repo\org\mybatis\spring\boot\mybatis-spring-boot-autoconfigure\3.0.4\mybatis-spring-boot-autoconfigure-3.0.4.jar;C:\Users\86178\web\apache-maven-3.9.9\repo\org\mybatis\mybatis\3.5.17\mybatis-3.5.17.jar;C:\Users\86178\web\apache-maven-3.9.9\repo\org\mybatis\mybatis-spring\3.0.4\mybatis-spring-3.0.4.jar;C:\Users\86178\web\apache-maven-3.9.9\repo\com\mysql\mysql-connector-j\9.1.0\mysql-connector-j-9.1.0.jar;C:\Users\86178\web\apache-maven-3.9.9\repo\org\springframework\boot\spring-boot-starter-test\3.4.0\spring-boot-starter-test-3.4.0.jar;C:\Users\86178\web\apache-maven-3.9.9\repo\org\springframework\boot\spring-boot-test\3.4.0\spring-boot-test-3.4.0.jar;C:\Users\86178\web\apache-maven-3.9.9\repo\org\springframework\boot\spring-boot-test-autoconfigure\3.4.0\spring-boot-test-autoconfigure-3.4.0.jar;C:\Users\86178\web\apache-maven-3.9.9\repo\com\jayway\jsonpath\json-path\2.9.0\json-path-2.9.0.jar;C:\Users\86178\web\apache-maven-3.9.9\repo\org\slf4j\slf4j-api\2.0.16\slf4j-api-2.0.16.jar;C:\Users\86178\web\apache-maven-3.9.9\repo\jakarta\xml\bind\jakarta.xml.bind-api\4.0.2\jakarta.xml.bind-api-4.0.2.jar;C:\Users\86178\web\apache-maven-3.9.9\repo\jakarta\activation\jakarta.activation-api\2.1.3\jakarta.activation-api-2.1.3.jar;C:\Users\86178\web\apache-maven-3.9.9\repo\net\minidev\json-smart\2.5.1\json-smart-2.5.1.jar;C:\Users\86178\web\apache-maven-3.9.9\repo\net\minidev\accessors-smart\2.5.1\accessors-smart-2.5.1.jar;C:\Users\86178\web\apache-maven-3.9.9\repo\org\ow2\asm\asm\9.6\asm-9.6.jar;C:\Users\86178\web\apache-maven-3.9.9\repo\org\assertj\assertj-core\3.26.3\assertj-core-3.26.3.jar;C:\Users\86178\web\apache-maven-3.9.9\repo\net\bytebuddy\byte-buddy\1.15.10\byte-buddy-1.15.10.jar;C:\Users\86178\web\apache-maven-3.9.9\repo\org\awaitility\awaitility\4.2.2\awaitility-4.2.2.jar;C:\Users\86178\web\apache-maven-3.9.9\repo\org\hamcrest\hamcrest\2.2\hamcrest-2.2.jar;C:\Users\86178\web\apache-maven-3.9.9\repo\org\junit\jupiter\junit-jupiter\5.11.3\junit-jupiter-5.11.3.jar;C:\Users\86178\web\apache-maven-3.9.9\repo\org\junit\jupiter\junit-jupiter-api\5.11.3\junit-jupiter-api-5.11.3.jar;C:\Users\86178\web\apache-maven-3.9.9\repo\org\opentest4j\opentest4j\1.3.0\opentest4j-1.3.0.jar;C:\Users\86178\web\apache-maven-3.9.9\repo\org\junit\platform\junit-platform-commons\1.11.3\junit-platform-commons-1.11.3.jar;C:\Users\86178\web\apache-maven-3.9.9\repo\org\apiguardian\apiguardian-api\1.1.2\apiguardian-api-1.1.2.jar;C:\Users\86178\web\apache-maven-3.9.9\repo\org\junit\jupiter\junit-jupiter-params\5.11.3\junit-jupiter-params-5.11.3.jar;C:\Users\86178\web\apache-maven-3.9.9\repo\org\junit\jupiter\junit-jupiter-engine\5.11.3\junit-jupiter-engine-5.11.3.jar;C:\Users\86178\web\apache-maven-3.9.9\repo\org\junit\platform\junit-platform-engine\1.11.3\junit-platform-engine-1.11.3.jar;C:\Users\86178\web\apache-maven-3.9.9\repo\org\mockito\mockito-core\5.14.2\mockito-core-5.14.2.jar;C:\Users\86178\web\apache-maven-3.9.9\repo\net\bytebuddy\byte-buddy-agent\1.15.10\byte-buddy-agent-1.15.10.jar;C:\Users\86178\web\apache-maven-3.9.9\repo\org\objenesis\objenesis\3.3\objenesis-3.3.jar;C:\Users\86178\web\apache-maven-3.9.9\repo\org\mockito\mockito-junit-jupiter\5.14.2\mockito-junit-jupiter-5.14.2.jar;C:\Users\86178\web\apache-maven-3.9.9\repo\org\skyscreamer\jsonassert\1.5.3\jsonassert-1.5.3.jar;C:\Users\86178\web\apache-maven-3.9.9\repo\com\vaadin\external\google\android-json\0.0.20131108.vaadin1\android-json-0.0.20131108.vaadin1.jar;C:\Users\86178\web\apache-maven-3.9.9\repo\org\springframework\spring-core\6.2.0\spring-core-6.2.0.jar;C:\Users\86178\web\apache-maven-3.9.9\repo\org\springframework\spring-jcl\6.2.0\spring-jcl-6.2.0.jar;C:\Users\86178\web\apache-maven-3.9.9\repo\org\springframework\spring-test\6.2.0\spring-test-6.2.0.jar;C:\Users\86178\web\apache-maven-3.9.9\repo\org\xmlunit\xmlunit-core\2.10.0\xmlunit-core-2.10.0.jar;C:\Users\86178\web\apache-maven-3.9.9\repo\org\mybatis\spring\boot\mybatis-spring-boot-starter-test\3.0.4\mybatis-spring-boot-starter-test-3.0.4.jar;C:\Users\86178\web\apache-maven-3.9.9\repo\org\mybatis\spring\boot\mybatis-spring-boot-test-autoconfigure\3.0.4\mybatis-spring-boot-test-autoconfigure-3.0.4.jar;C:\Users\86178\web\apache-maven-3.9.9\repo\org\springframework\spring-tx\6.2.0\spring-tx-6.2.0.jar;C:\Users\86178\web\apache-maven-3.9.9\repo\com\github\pagehelper\pagehelper-spring-boot-starter\1.4.6\pagehelper-spring-boot-starter-1.4.6.jar;C:\Users\86178\web\apache-maven-3.9.9\repo\com\github\pagehelper\pagehelper-spring-boot-autoconfigure\1.4.6\pagehelper-spring-boot-autoconfigure-1.4.6.jar;C:\Users\86178\web\apache-maven-3.9.9\repo\com\github\pagehelper\pagehelper\5.3.2\pagehelper-5.3.2.jar;C:\Users\86178\web\apache-maven-3.9.9\repo\com\github\jsqlparser\jsqlparser\4.5\jsqlparser-4.5.jar;C:\Users\86178\web\apache-maven-3.9.9\repo\io\jsonwebtoken\jjwt\0.12.6\jjwt-0.12.6.jar;C:\Users\86178\web\apache-maven-3.9.9\repo\io\jsonwebtoken\jjwt-api\0.12.6\jjwt-api-0.12.6.jar;C:\Users\86178\web\apache-maven-3.9.9\repo\io\jsonwebtoken\jjwt-impl\0.12.6\jjwt-impl-0.12.6.jar;C:\Users\86178\web\apache-maven-3.9.9\repo\io\jsonwebtoken\jjwt-jackson\0.12.6\jjwt-jackson-0.12.6.jar;C:\Users\86178\web\apache-maven-3.9.9\repo\org\springframework\boot\spring-boot-configuration-processor\3.4.0\spring-boot-configuration-processor-3.4.0.jar;C:\Users\86178\web\apache-maven-3.9.9\repo\com\alibaba\fastjson\2.0.53\fastjson-2.0.53.jar;C:\Users\86178\web\apache-maven-3.9.9\repo\com\alibaba\fastjson2\fastjson2-extension\2.0.53\fastjson2-extension-2.0.53.jar;C:\Users\86178\web\apache-maven-3.9.9\repo\com\alibaba\fastjson2\fastjson2\2.0.53\fastjson2-2.0.53.jar;"/>
    <property name="sun.cpu.endian" value="little"/>
    <property name="user.home" value="C:\Users\86178"/>
    <property name="user.language" value="zh"/>
    <property name="java.specification.vendor" value="Oracle Corporation"/>
    <property name="java.version.date" value="2024-07-16"/>
    <property name="java.home" value="C:\Program Files\Java\jdk-21"/>
    <property name="file.separator" value="\"/>
    <property name="basedir" value="C:\Users\86178\IdeaProjects\webProject\assignment"/>
    <property name="java.vm.compressedOopsMode" value="Zero based"/>
    <property name="line.separator" value="&#10;"/>
    <property name="java.vm.specification.vendor" value="Oracle Corporation"/>
    <property name="java.specification.name" value="Java Platform API Specification"/>
    <property name="FILE_LOG_CHARSET" value="UTF-8"/>
    <property name="java.awt.headless" value="true"/>
    <property name="surefire.real.class.path" value="C:\Users\86178\AppData\Local\Temp\surefire12167145192853010130\surefirebooter-20241230212528305_3.jar"/>
    <property name="user.script" value=""/>
    <property name="sun.management.compiler" value="HotSpot 64-Bit Tiered Compilers"/>
    <property name="java.runtime.version" value="21.0.4+8-LTS-274"/>
    <property name="user.name" value="86178"/>
    <property name="stdout.encoding" value="GBK"/>
    <property name="path.separator" value=";"/>
    <property name="os.version" value="10.0"/>
    <property name="java.runtime.name" value="Java(TM) SE Runtime Environment"/>
    <property name="file.encoding" value="UTF-8"/>
    <property name="java.vm.name" value="Java HotSpot(TM) 64-Bit Server VM"/>
    <property name="localRepository" value="C:\Users\86178\web\apache-maven-3.9.9\repo"/>
    <property name="java.vendor.url.bug" value="https://bugreport.java.com/bugreport/"/>
    <property name="java.io.tmpdir" value="C:\Users\86178\AppData\Local\Temp\"/>
    <property name="idea.version" value="2023.1.2"/>
    <property name="java.version" value="21.0.4"/>
    <property name="user.dir" value="C:\Users\86178\IdeaProjects\webProject\assignment"/>
    <property name="os.arch" value="amd64"/>
    <property name="java.vm.specification.name" value="Java Virtual Machine Specification"/>
    <property name="PID" value="38012"/>
    <property name="sun.os.patch.level" value=""/>
    <property name="CONSOLE_LOG_CHARSET" value="UTF-8"/>
    <property name="native.encoding" value="GBK"/>
    <property name="java.library.path" value="C:\Program Files\Java\jdk-21\bin;C:\WINDOWS\Sun\Java\bin;C:\WINDOWS\system32;C:\WINDOWS;C:\Program Files\Common Files\Oracle\Java\javapath;C:\Program Files\Java\jdk1.8.0_361\bin;C:\Program Files (x86)\VMware\VMware Workstation\bin\;C:\Windows\system32;C:\Windows;C:\Windows\System32\Wbem;C:\Windows\System32\WindowsPowerShell\v1.0\;C:\Windows\System32\OpenSSH\;C:\Program Files (x86)\NVIDIA Corporation\PhysX\Common;C:\Program Files\NVIDIA Corporation\NVIDIA NvDLISR;C:\Program Files\dotnet\;C:\Users\86178\Documents\Tencent Files\3074548601\FileRecv\MobileFile\mingw64\bin;C:\WINDOWS\system32;C:\WINDOWS;C:\WINDOWS\System32\Wbem;C:\WINDOWS\System32\WindowsPowerShell\v1.0\;C:\WINDOWS\System32\OpenSSH\;C:\Program Files (x86)\Microsoft SQL Server\160\Tools\Binn\;C:\Program Files\Microsoft SQL Server\160\Tools\Binn\;C:\Program Files\Microsoft SQL Server\Client SDK\ODBC\170\Tools\Binn\;C:\Program Files\Microsoft SQL Server\160\DTS\Binn\;C:\Program Files (x86)\Microsoft SQL Server\160\DTS\Binn\;C:\Program Files (x86)\ZeroTier\One\;C:\Program Files\PuTTY\;C:\Program Files\nodejs\;C:\Users\86178\web\apache-maven-3.9.9\bin;C:\Program Files\MySQL\MySQL Server 8.0\bin;C:\Program Files\MySQL\MySQL Server 8.0\bin;C:\Users\86178\AppData\Local\Programs\Python\Python311\Scripts\;C:\Users\86178\AppData\Local\Programs\Python\Python311\;C:\Users\86178\AppData\Local\Microsoft\WindowsApps;;C:\Users\86178\AppData\Local\Programs\Microsoft VS Code\bin;C:\Users\86178\AppData\Roaming\npm;."/>
    <property name="java.vm.info" value="mixed mode, sharing"/>
    <property name="stderr.encoding" value="GBK"/>
    <property name="java.vendor" value="Oracle Corporation"/>
    <property name="java.vm.version" value="21.0.4+8-LTS-274"/>
    <property name="sun.io.unicode.encoding" value="UnicodeLittle"/>
    <property name="java.class.version" value="65.0"/>
    <property name="LOGGED_APPLICATION_NAME" value="[assignment] "/>
  </properties>
  <testcase name="testJWTtoken" classname="com.sean.assignment.AssignmentApplicationTests" time="0.706">
    <system-out><![CDATA[21:25:28.920 [main] INFO org.springframework.test.context.support.AnnotationConfigContextLoaderUtils -- Could not detect default configuration classes for test class [com.sean.assignment.AssignmentApplicationTests]: AssignmentApplicationTests does not declare any static, non-private, non-final, nested classes annotated with @Configuration.
21:25:29.012 [main] INFO org.springframework.boot.test.context.SpringBootTestContextBootstrapper -- Found @SpringBootConfiguration com.sean.assignment.AssignmentApplication for test class com.sean.assignment.AssignmentApplicationTests

  .   ____          _            __ _ _
 /\\ / ___'_ __ _ _(_)_ __  __ _ \ \ \ \
( ( )\___ | '_ | '_| | '_ \/ _` | \ \ \ \
 \\/  ___)| |_)| | | | | || (_| |  ) ) ) )
  '  |____| .__|_| |_|_| |_\__, | / / / /
 =========|_|==============|___/=/_/_/_/

 :: Spring Boot ::                (v3.4.0)

2024-12-30T21:25:29.400+08:00  INFO 38012 --- [assignment] [           main] c.s.a.AssignmentApplicationTests         : Starting AssignmentApplicationTests using Java 21.0.4 with PID 38012 (started by 86178 in C:\Users\86178\IdeaProjects\webProject\assignment)
2024-12-30T21:25:29.402+08:00  INFO 38012 --- [assignment] [           main] c.s.a.AssignmentApplicationTests         : No active profile set, falling back to 1 default profile: "default"
Logging initialized using 'class org.apache.ibatis.logging.stdout.StdOutImpl' adapter.


,------.                           ,--.  ,--.         ,--.                         
|  .--. '  ,--,--.  ,---.   ,---.  |  '--'  |  ,---.  |  |  ,---.   ,---.  ,--.--. 
|  '--' | ' ,-.  | | .-. | | .-. : |  .--.  | | .-. : |  | | .-. | | .-. : |  .--' 
|  | --'  \ '-'  | ' '-' ' \   --. |  |  |  | \   --. |  | | '-' ' \   --. |  |    
`--'       `--`--' .`-  /   `----' `--'  `--'  `----' `--' |  |-'   `----' `--'    
                   `---'                                   `--'                        is intercepting.

2024-12-30T21:25:31.390+08:00  INFO 38012 --- [assignment] [           main] c.s.a.AssignmentApplicationTests         : Started AssignmentApplicationTests in 2.237 seconds (process running for 2.991)
eyJhbGciOiJIUzI1NiJ9.eyJ1bml2ZXJzaXR5IjoiQ0pMVSIsIlN1YmplY3QiOiJKYXZhV2ViIiwiZXhwIjoxNzM1NTY1NzMyfQ.QGq3yp-_ETm3ySFZspEI8iO9662_mQ8Fltv4jQhXe6I
]]></system-out>
    <system-err><![CDATA[Mockito is currently self-attaching to enable the inline-mock-maker. This will no longer work in future releases of the JDK. Please add Mockito as an agent to your build what is described in Mockito's documentation: https://javadoc.io/doc/org.mockito/mockito-core/latest/org/mockito/Mockito.html#0.3
WARNING: A Java agent has been loaded dynamically (C:\Users\86178\web\apache-maven-3.9.9\repo\net\bytebuddy\byte-buddy-agent\1.15.10\byte-buddy-agent-1.15.10.jar)
WARNING: If a serviceability tool is in use, please run with -XX:+EnableDynamicAgentLoading to hide this warning
WARNING: If a serviceability tool is not in use, please run with -Djdk.instrument.traceUsage for more information
WARNING: Dynamic loading of agents will be disallowed by default in a future release
]]></system-err>
  </testcase>
</testsuite>